D:\28-08-19\f\ElMaitre\VideoApp\dist\out-tsc\e2e\src\app.po.js
D:\28-08-19\f\ElMaitre\VideoApp\dist\out-tsc\e2e\src\app.po.js.map
D:\28-08-19\f\ElMaitre\VideoApp\dist\out-tsc\e2e\src\app.e2e-spec.js
D:\28-08-19\f\ElMaitre\VideoApp\dist\out-tsc\e2e\src\app.e2e-spec.js.map
D:\28-08-19\f\ElMaitre\VideoApp\dist\out-tsc\src\environments\environment.js
D:\28-08-19\f\ElMaitre\VideoApp\dist\out-tsc\src\environments\environment.js.map
D:\28-08-19\f\ElMaitre\VideoApp\dist\out-tsc\src\models\TokenModel.js
D:\28-08-19\f\ElMaitre\VideoApp\dist\out-tsc\src\models\TokenModel.js.map
D:\28-08-19\f\ElMaitre\VideoApp\dist\out-tsc\src\app\app.component.js
D:\28-08-19\f\ElMaitre\VideoApp\dist\out-tsc\src\app\app.component.js.map
D:\28-08-19\f\ElMaitre\VideoApp\dist\out-tsc\src\app\services\local-storage.service.js
D:\28-08-19\f\ElMaitre\VideoApp\dist\out-tsc\src\app\services\local-storage.service.js.map
D:\28-08-19\f\ElMaitre\VideoApp\dist\out-tsc\src\app\videomohamy\videomohamy.component.js
D:\28-08-19\f\ElMaitre\VideoApp\dist\out-tsc\src\app\videomohamy\videomohamy.component.js.map
D:\28-08-19\f\ElMaitre\VideoApp\dist\out-tsc\src\app\app-routing.module.js
D:\28-08-19\f\ElMaitre\VideoApp\dist\out-tsc\src\app\app-routing.module.js.map
D:\28-08-19\f\ElMaitre\VideoApp\dist\out-tsc\src\app\app.module.js
D:\28-08-19\f\ElMaitre\VideoApp\dist\out-tsc\src\app\app.module.js.map
D:\28-08-19\f\ElMaitre\VideoApp\dist\out-tsc\src\main.js
D:\28-08-19\f\ElMaitre\VideoApp\dist\out-tsc\src\main.js.map
D:\28-08-19\f\ElMaitre\VideoApp\dist\out-tsc\src\polyfills.js
D:\28-08-19\f\ElMaitre\VideoApp\dist\out-tsc\src\polyfills.js.map
D:\28-08-19\f\ElMaitre\VideoApp\dist\out-tsc\src\test.js
D:\28-08-19\f\ElMaitre\VideoApp\dist\out-tsc\src\test.js.map
D:\28-08-19\f\ElMaitre\VideoApp\dist\out-tsc\src\app\app.component.spec.js
D:\28-08-19\f\ElMaitre\VideoApp\dist\out-tsc\src\app\app.component.spec.js.map
D:\28-08-19\f\ElMaitre\VideoApp\dist\out-tsc\src\app\services\local-storage.service.spec.js
D:\28-08-19\f\ElMaitre\VideoApp\dist\out-tsc\src\app\services\local-storage.service.spec.js.map
D:\28-08-19\f\ElMaitre\VideoApp\dist\out-tsc\src\app\videomohamy\videomohamy.component.spec.js
D:\28-08-19\f\ElMaitre\VideoApp\dist\out-tsc\src\app\videomohamy\videomohamy.component.spec.js.map
D:\28-08-19\f\ElMaitre\VideoApp\dist\out-tsc\src\environments\environment.prod.js
D:\28-08-19\f\ElMaitre\VideoApp\dist\out-tsc\src\environments\environment.prod.js.map
