F:\Freelance\Mohamy\VideoApp\dist\out-tsc\src\environments\environment.js
F:\Freelance\Mohamy\VideoApp\dist\out-tsc\src\environments\environment.js.map
F:\Freelance\Mohamy\VideoApp\dist\out-tsc\src\models\TokenModel.js
F:\Freelance\Mohamy\VideoApp\dist\out-tsc\src\models\TokenModel.js.map
F:\Freelance\Mohamy\VideoApp\dist\out-tsc\src\app\app.component.js
F:\Freelance\Mohamy\VideoApp\dist\out-tsc\src\app\app.component.js.map
F:\Freelance\Mohamy\VideoApp\dist\out-tsc\src\app\services\local-storage.service.js
F:\Freelance\Mohamy\VideoApp\dist\out-tsc\src\app\services\local-storage.service.js.map
F:\Freelance\Mohamy\VideoApp\dist\out-tsc\src\app\videomohamy\videomohamy.component.js
F:\Freelance\Mohamy\VideoApp\dist\out-tsc\src\app\videomohamy\videomohamy.component.js.map
F:\Freelance\Mohamy\VideoApp\dist\out-tsc\src\app\app-routing.module.js
F:\Freelance\Mohamy\VideoApp\dist\out-tsc\src\app\app-routing.module.js.map
F:\Freelance\Mohamy\VideoApp\dist\out-tsc\src\app\app.module.js
F:\Freelance\Mohamy\VideoApp\dist\out-tsc\src\app\app.module.js.map
F:\Freelance\Mohamy\VideoApp\dist\out-tsc\src\main.js
F:\Freelance\Mohamy\VideoApp\dist\out-tsc\src\main.js.map
F:\Freelance\Mohamy\VideoApp\dist\out-tsc\src\polyfills.js
F:\Freelance\Mohamy\VideoApp\dist\out-tsc\src\polyfills.js.map
F:\Freelance\Mohamy\VideoApp\dist\out-tsc\src\test.js
F:\Freelance\Mohamy\VideoApp\dist\out-tsc\src\test.js.map
F:\Freelance\Mohamy\VideoApp\dist\out-tsc\e2e\src\app.po.js
F:\Freelance\Mohamy\VideoApp\dist\out-tsc\e2e\src\app.po.js.map
F:\Freelance\Mohamy\VideoApp\dist\out-tsc\e2e\src\app.e2e-spec.js
F:\Freelance\Mohamy\VideoApp\dist\out-tsc\e2e\src\app.e2e-spec.js.map
F:\Freelance\Mohamy\VideoApp\dist\out-tsc\src\app\app.component.spec.js
F:\Freelance\Mohamy\VideoApp\dist\out-tsc\src\app\app.component.spec.js.map
F:\Freelance\Mohamy\VideoApp\dist\out-tsc\src\environments\environment.prod.js
F:\Freelance\Mohamy\VideoApp\dist\out-tsc\src\environments\environment.prod.js.map
F:\Freelance\Mohamy\VideoApp\dist\out-tsc\src\app\services\local-storage.service.spec.js
F:\Freelance\Mohamy\VideoApp\dist\out-tsc\src\app\services\local-storage.service.spec.js.map
F:\Freelance\Mohamy\VideoApp\dist\out-tsc\src\app\videomohamy\videomohamy.component.spec.js
F:\Freelance\Mohamy\VideoApp\dist\out-tsc\src\app\videomohamy\videomohamy.component.spec.js.map
